<?xml version="1.0" encoding="UTF-8"?>
<!-- Generated by org.testng.reporters.JUnitXMLReporter -->
<testsuite hostname="SHRADDHA" name="Default test" tests="4" failures="0" timestamp="4 Jun 2018 21:29:56 GMT" time="54.184" errors="0">
  <testcase name="ebayHome" time="54.129" classname="ebaypackage.EbayExecution"/>
  <testcase name="ebayLogin" time="0.0" classname="ebaypackage.EbayExecution"/>
  <testcase name="ebayReview" time="0.016" classname="ebaypackage.EbayExecution"/>
  <testcase name="ebaySummary" time="0.0" classname="ebaypackage.EbayExecution"/>
</testsuite> <!-- Default test -->
