<?xml version="1.0" encoding="UTF-8"?>
<!-- Generated by org.testng.reporters.JUnitXMLReporter -->
<testsuite hostname="SHRADDHA" name="Test" tests="4" failures="0" timestamp="4 Jun 2018 21:11:07 GMT" time="53.058" errors="0">
  <testcase name="ebayHome" time="53.001" classname="ebaypackage.EbayExecution"/>
  <testcase name="ebayLogin" time="0.009" classname="ebaypackage.EbayExecution"/>
  <testcase name="ebayReview" time="0.005" classname="ebaypackage.EbayExecution"/>
  <testcase name="ebaySummary" time="0.006" classname="ebaypackage.EbayExecution"/>
</testsuite> <!-- Test -->
